<?xml version="1.0" encoding="UTF-8"?>
<!-- Generated by org.testng.reporters.JUnitXMLReporter -->
<testsuite hostname="LAPTOP-VVPR8BFK" ignored="0" name="Test Maven Testing" tests="4" failures="0" timestamp="05 Nov 2018 06:38:31 GMT" time="0.056" errors="0">
  <testcase name="sub" time="0.009" classname="com.qa.tests.DemoTest"/>
  <testcase name="sum" time="0.0" classname="com.qa.tests.DemoTest"/>
  <testcase name="sub1" time="0.0" classname="com.qa.tests.DemoTest1"/>
  <testcase name="sum1" time="0.0" classname="com.qa.tests.DemoTest1"/>
</testsuite> <!-- Test Maven Testing -->
