<?xml version="1.0" encoding="UTF-8"?>
<!-- Generated by org.testng.reporters.JUnitXMLReporter -->
<testsuite hostname="LAPTOP-VVPR8BFK" ignored="0" name="Test Maven Testing" tests="5" failures="0" timestamp="10 Nov 2018 05:13:15 GMT" time="0.483" errors="0">
  <testcase name="sub" time="0.006" classname="com.qa.tests.DemoTest"/>
  <testcase name="sum" time="0.0" classname="com.qa.tests.DemoTest"/>
  <testcase name="excelDataValidate" time="0.446" classname="com.qa.tests.DemoTest1"/>
  <testcase name="sub1" time="0.0" classname="com.qa.tests.DemoTest1"/>
  <testcase name="sum1" time="0.0" classname="com.qa.tests.DemoTest1"/>
</testsuite> <!-- Test Maven Testing -->
