-------------------------------------------------------------------------------
Test set: TestSuite
-------------------------------------------------------------------------------
Tests run: 5, Failures: 1, Errors: 0, Skipped: 0, Time elapsed: 1.151 s <<< FAILURE! - in TestSuite
excelDataValidate(com.qa.tests.DemoTest1)  Time elapsed: 0.503 s  <<< FAILURE!
java.lang.AssertionError: expected [user2] but found [user1]
	at com.qa.tests.DemoTest1.excelDataValidate(DemoTest1.java:32)

