<?xml version="1.0" encoding="UTF-8"?>
<testng-results skipped="0" failed="0" ignored="0" total="5" passed="5">
  <reporter-output>
  </reporter-output>
  <suite name="Test Maven Suite" duration-ms="483" started-at="2018-11-10T05:13:14Z" finished-at="2018-11-10T05:13:15Z">
    <groups>
    </groups>
    <test name="Test Maven Testing" duration-ms="483" started-at="2018-11-10T05:13:14Z" finished-at="2018-11-10T05:13:15Z">
      <class name="com.qa.tests.DemoTest">
        <test-method status="PASS" signature="sub()[pri:0, instance:com.qa.tests.DemoTest@1554909b]" name="sub" duration-ms="6" started-at="2018-11-10T05:13:14Z" finished-at="2018-11-10T05:13:14Z">
          <reporter-output>
          </reporter-output>
        </test-method> <!-- sub -->
        <test-method status="PASS" signature="sum()[pri:0, instance:com.qa.tests.DemoTest@1554909b]" name="sum" duration-ms="0" started-at="2018-11-10T05:13:14Z" finished-at="2018-11-10T05:13:14Z">
          <reporter-output>
          </reporter-output>
        </test-method> <!-- sum -->
      </class> <!-- com.qa.tests.DemoTest -->
      <class name="com.qa.tests.DemoTest1">
        <test-method status="PASS" signature="excelDataValidate()[pri:0, instance:com.qa.tests.DemoTest1@6bf256fa]" name="excelDataValidate" duration-ms="446" started-at="2018-11-10T05:13:14Z" finished-at="2018-11-10T05:13:15Z">
          <reporter-output>
          </reporter-output>
        </test-method> <!-- excelDataValidate -->
        <test-method status="PASS" signature="sub1()[pri:0, instance:com.qa.tests.DemoTest1@6bf256fa]" name="sub1" duration-ms="0" started-at="2018-11-10T05:13:15Z" finished-at="2018-11-10T05:13:15Z">
          <reporter-output>
          </reporter-output>
        </test-method> <!-- sub1 -->
        <test-method status="PASS" signature="sum1()[pri:0, instance:com.qa.tests.DemoTest1@6bf256fa]" name="sum1" duration-ms="0" started-at="2018-11-10T05:13:15Z" finished-at="2018-11-10T05:13:15Z">
          <reporter-output>
          </reporter-output>
        </test-method> <!-- sum1 -->
      </class> <!-- com.qa.tests.DemoTest1 -->
    </test> <!-- Test Maven Testing -->
  </suite> <!-- Test Maven Suite -->
</testng-results>
