<?xml version="1.0" encoding="UTF-8"?>
<testsuite xmlns:xsi="http://www.w3.org/2001/XMLSchema-instance" xsi:noNamespaceSchemaLocation="https://maven.apache.org/surefire/maven-surefire-plugin/xsd/surefire-test-report.xsd" name="TestSuite" time="2.028" tests="4" errors="0" skipped="0" failures="0">
  <properties>
[...]
</properties>
  <testcase name="sub" classname="com.qa.tests.DemoTest" time="0.011"/>
  <testcase name="sum" classname="com.qa.tests.DemoTest" time="0"/>
  <testcase name="sub1" classname="com.qa.tests.DemoTest1" time="0"/>
  <testcase name="sum1" classname="com.qa.tests.DemoTest1" time="0.001"/>
</testsuite>