<?xml version="1.0" encoding="UTF-8"?>
<testng-results skipped="0" failed="0" ignored="0" total="4" passed="4">
  <reporter-output>
  </reporter-output>
  <suite name="Test Maven Suite" duration-ms="56" started-at="2018-11-05T06:38:31Z" finished-at="2018-11-05T06:38:31Z">
    <groups>
    </groups>
    <test name="Test Maven Testing" duration-ms="56" started-at="2018-11-05T06:38:31Z" finished-at="2018-11-05T06:38:31Z">
      <class name="com.qa.tests.DemoTest">
        <test-method status="PASS" signature="sub()[pri:0, instance:com.qa.tests.DemoTest@96532d6]" name="sub" duration-ms="9" started-at="2018-11-05T06:38:31Z" finished-at="2018-11-05T06:38:31Z">
          <reporter-output>
          </reporter-output>
        </test-method> <!-- sub -->
        <test-method status="PASS" signature="sum()[pri:0, instance:com.qa.tests.DemoTest@96532d6]" name="sum" duration-ms="0" started-at="2018-11-05T06:38:31Z" finished-at="2018-11-05T06:38:31Z">
          <reporter-output>
          </reporter-output>
        </test-method> <!-- sum -->
      </class> <!-- com.qa.tests.DemoTest -->
      <class name="com.qa.tests.DemoTest1">
        <test-method status="PASS" signature="sub1()[pri:0, instance:com.qa.tests.DemoTest1@3796751b]" name="sub1" duration-ms="0" started-at="2018-11-05T06:38:31Z" finished-at="2018-11-05T06:38:31Z">
          <reporter-output>
          </reporter-output>
        </test-method> <!-- sub1 -->
        <test-method status="PASS" signature="sum1()[pri:0, instance:com.qa.tests.DemoTest1@3796751b]" name="sum1" duration-ms="0" started-at="2018-11-05T06:38:31Z" finished-at="2018-11-05T06:38:31Z">
          <reporter-output>
          </reporter-output>
        </test-method> <!-- sum1 -->
      </class> <!-- com.qa.tests.DemoTest1 -->
    </test> <!-- Test Maven Testing -->
  </suite> <!-- Test Maven Suite -->
</testng-results>
