<?xml version="1.0" encoding="UTF-8"?>
<testng-results skipped="0" failed="0" ignored="0" total="2" passed="2">
  <reporter-output>
  </reporter-output>
  <suite name="Default suite" duration-ms="52" started-at="2018-11-10T05:28:07Z" finished-at="2018-11-10T05:28:07Z">
    <groups>
    </groups>
    <test name="Default test" duration-ms="52" started-at="2018-11-10T05:28:07Z" finished-at="2018-11-10T05:28:07Z">
      <class name="com.qa.tests.DemoTest">
        <test-method status="PASS" signature="sub()[pri:0, instance:com.qa.tests.DemoTest@100fc185]" name="sub" duration-ms="13" started-at="2018-11-10T05:28:07Z" finished-at="2018-11-10T05:28:07Z">
          <reporter-output>
          </reporter-output>
        </test-method> <!-- sub -->
        <test-method status="PASS" signature="sum()[pri:0, instance:com.qa.tests.DemoTest@100fc185]" name="sum" duration-ms="2" started-at="2018-11-10T05:28:07Z" finished-at="2018-11-10T05:28:07Z">
          <reporter-output>
          </reporter-output>
        </test-method> <!-- sum -->
      </class> <!-- com.qa.tests.DemoTest -->
    </test> <!-- Default test -->
  </suite> <!-- Default suite -->
</testng-results>
