<?xml version="1.0" encoding="UTF-8"?>
<testng-results skipped="0" failed="0" ignored="0" total="3" passed="3">
  <reporter-output>
  </reporter-output>
  <suite name="Default suite" duration-ms="690" started-at="2018-11-09T07:21:25Z" finished-at="2018-11-09T07:21:26Z">
    <groups>
    </groups>
    <test name="Default test" duration-ms="690" started-at="2018-11-09T07:21:25Z" finished-at="2018-11-09T07:21:26Z">
      <class name="com.qa.tests.DemoTest1">
        <test-method status="PASS" signature="excelDataValidate()[pri:0, instance:com.qa.tests.DemoTest1@100fc185]" name="excelDataValidate" duration-ms="626" started-at="2018-11-09T07:21:25Z" finished-at="2018-11-09T07:21:26Z">
          <reporter-output>
          </reporter-output>
        </test-method> <!-- excelDataValidate -->
        <test-method status="PASS" signature="sub1()[pri:0, instance:com.qa.tests.DemoTest1@100fc185]" name="sub1" duration-ms="3" started-at="2018-11-09T07:21:26Z" finished-at="2018-11-09T07:21:26Z">
          <reporter-output>
          </reporter-output>
        </test-method> <!-- sub1 -->
        <test-method status="PASS" signature="sum1()[pri:0, instance:com.qa.tests.DemoTest1@100fc185]" name="sum1" duration-ms="6" started-at="2018-11-09T07:21:26Z" finished-at="2018-11-09T07:21:26Z">
          <reporter-output>
          </reporter-output>
        </test-method> <!-- sum1 -->
      </class> <!-- com.qa.tests.DemoTest1 -->
    </test> <!-- Default test -->
  </suite> <!-- Default suite -->
</testng-results>
